0 info it worked if it ends with ok
1 verbose cli [ '/usr/bin/nodejs', '/usr/bin/npm', 'run', 'tsc' ]
2 info using npm@3.10.10
3 info using node@v6.9.4
4 verbose run-script [ 'pretsc', 'tsc', 'posttsc' ]
5 info lifecycle KnobelApp@1.0.0~pretsc: KnobelApp@1.0.0
6 silly lifecycle KnobelApp@1.0.0~pretsc: no script for pretsc, continuing
7 info lifecycle KnobelApp@1.0.0~tsc: KnobelApp@1.0.0
8 verbose lifecycle KnobelApp@1.0.0~tsc: unsafe-perm in lifecycle true
9 verbose lifecycle KnobelApp@1.0.0~tsc: PATH: /usr/lib/node_modules/npm/bin/node-gyp-bin:/home/ludger/Development/workspace_html5/KnobelAppWar/src/main/webapp/node_modules/.bin:/home/ludger/bin:/usr/local/sbin:/usr/local/bin:/usr/sbin:/usr/bin:/sbin:/bin:/usr/games:/usr/local/games:/snap/bin:/usr/lib/jvm/java-8-oracle/bin:/usr/lib/jvm/java-8-oracle/db/bin:/usr/lib/jvm/java-8-oracle/jre/bin
10 verbose lifecycle KnobelApp@1.0.0~tsc: CWD: /home/ludger/Development/workspace_html5/KnobelAppWar/src/main/webapp
11 silly lifecycle KnobelApp@1.0.0~tsc: Args: [ '-c', 'tsc' ]
12 silly lifecycle KnobelApp@1.0.0~tsc: Returned: code: 2  signal: null
13 info lifecycle KnobelApp@1.0.0~tsc: Failed to exec tsc script
14 verbose stack Error: KnobelApp@1.0.0 tsc: `tsc`
14 verbose stack Exit status 2
14 verbose stack     at EventEmitter.<anonymous> (/usr/lib/node_modules/npm/lib/utils/lifecycle.js:255:16)
14 verbose stack     at emitTwo (events.js:106:13)
14 verbose stack     at EventEmitter.emit (events.js:191:7)
14 verbose stack     at ChildProcess.<anonymous> (/usr/lib/node_modules/npm/lib/utils/spawn.js:40:14)
14 verbose stack     at emitTwo (events.js:106:13)
14 verbose stack     at ChildProcess.emit (events.js:191:7)
14 verbose stack     at maybeClose (internal/child_process.js:877:16)
14 verbose stack     at Process.ChildProcess._handle.onexit (internal/child_process.js:226:5)
15 verbose pkgid KnobelApp@1.0.0
16 verbose cwd /home/ludger/Development/workspace_html5/KnobelAppWar/src/main/webapp
17 error Linux 4.4.0-62-generic
18 error argv "/usr/bin/nodejs" "/usr/bin/npm" "run" "tsc"
19 error node v6.9.4
20 error npm  v3.10.10
21 error code ELIFECYCLE
22 error KnobelApp@1.0.0 tsc: `tsc`
22 error Exit status 2
23 error Failed at the KnobelApp@1.0.0 tsc script 'tsc'.
23 error Make sure you have the latest version of node.js and npm installed.
23 error If you do, this is most likely a problem with the KnobelApp package,
23 error not with npm itself.
23 error Tell the author that this fails on your system:
23 error     tsc
23 error You can get information on how to open an issue for this project with:
23 error     npm bugs KnobelApp
23 error Or if that isn't available, you can get their info via:
23 error     npm owner ls KnobelApp
23 error There is likely additional logging output above.
24 verbose exit [ 1, true ]
